<?xml version="1.0" encoding="utf-8"?>
<testsuites>
        <testsuite name="pytest" errors="0" failures="0" skipped="0" tests="5" time="0.117"
                timestamp="2024-11-28T02:19:59.187083+07:00" hostname="DESKTOP-5QT96PO">
                <testcase classname="test_math_lib" name="test_multiply" time="0.000" />
                <testcase classname="test_math_lib" name="test_divide" time="0.000" />
                <testcase classname="test_math_lib" name="test_distanse" time="0.000" />
                <testcase classname="test_math_lib" name="test_quadratic_solver" time="0.000" />
                <testcase classname="test_math_lib" name="test_geometric_sum" time="0.000" />
        </testsuite>
</testsuites>